#
# There is insufficient memory for the Java Runtime Environment to continue.
# Native memory allocation (malloc) failed to allocate 5705296 bytes for Chunk::new
# Possible reasons:
#   The system is out of physical RAM or swap space
#   The process is running with CompressedOops enabled, and the Java Heap may be blocking the growth of the native heap
# Possible solutions:
#   Reduce memory load on the system
#   Increase physical memory or swap space
#   Check if swap backing store is full
#   Decrease Java heap size (-Xmx/-Xms)
#   Decrease number of Java threads
#   Decrease Java thread stack sizes (-Xss)
#   Set larger code cache with -XX:ReservedCodeCacheSize=
#   JVM is running with Unscaled Compressed Oops mode in which the Java heap is
#     placed in the first 4GB address space. The Java Heap base address is the
#     maximum limit for the native heap growth. Please use -XX:HeapBaseMinAddress
#     to set the Java Heap base and to place the Java Heap above 4GB virtual address.
# This output file may be truncated or incomplete.
#
#  Out of Memory Error (./src/hotspot/share/memory/arena.cpp:197), pid=23092, tid=25520
#
# JRE version: OpenJDK Runtime Environment Microsoft-40648 (11.0.16.1+1) (build 11.0.16.1+1-LTS)
# Java VM: OpenJDK 64-Bit Server VM Microsoft-40648 (11.0.16.1+1-LTS, mixed mode, tiered, compressed oops, g1 gc, windows-amd64)
# No core dump will be written. Minidumps are not enabled by default on client versions of Windows
#

---------------  S U M M A R Y ------------

Command Line: -agentlib:jdwp=transport=dt_socket,address=127.0.0.1:62364,suspend=y,server=n -javaagent:C:\Users\Administrator\AppData\Local\JetBrains\IdeaIC2022.3\captureAgent\debugger-agent.jar -Dfile.encoding=UTF-8 com.springboot.groceryStore.GroceryStoreApplication

Host: Intel(R) Xeon(R) Gold 6230 CPU @ 2.10GHz, 4 cores, 7G,  Windows 10 , 64 bit Build 19041 (10.0.19041.1889)
Time: Mon May 22 12:47:57 2023 India Standard Time elapsed time: 20.174138 seconds (0d 0h 0m 20s)

---------------  T H R E A D  ---------------

Current thread (0x00000299b74ef800):  JavaThread "C2 CompilerThread0" daemon [_thread_in_native, id=25520, stack(0x000000ac0a000000,0x000000ac0a100000)]


Current CompileTask:
C2:  20174 5055   !   4       org.springframework.core.annotation.AnnotationsScanner::processMethodHierarchy (276 bytes)

Stack: [0x000000ac0a000000,0x000000ac0a100000]
Native frames: (J=compiled Java code, j=interpreted, Vv=VM code, C=native code)
V  [jvm.dll+0x62652a]
V  [jvm.dll+0x7b3249]
V  [jvm.dll+0x7b4938]
V  [jvm.dll+0x7b5013]
V  [jvm.dll+0x24fca8]
V  [jvm.dll+0xc262c]
V  [jvm.dll+0xc2bec]
V  [jvm.dll+0x359e77]
V  [jvm.dll+0x19eae1]
V  [jvm.dll+0x2090e2]
V  [jvm.dll+0x2080fd]
V  [jvm.dll+0x18a411]
V  [jvm.dll+0x217954]
V  [jvm.dll+0x215b9b]
V  [jvm.dll+0x775d50]
V  [jvm.dll+0x76ec84]
V  [jvm.dll+0x625395]
C  [ucrtbase.dll+0x21bb2]
C  [KERNEL32.DLL+0x17034]
C  [ntdll.dll+0x526a1]


---------------  P R O C E S S  ---------------

Threads class SMR info:
_java_thread_list=0x00000299be291d90, length=18, elements={
0x0000029998c8b000, 0x00000299b74cd000, 0x00000299b74d6800, 0x00000299b74e6800,
0x00000299b74e9800, 0x00000299b74eb800, 0x00000299b74ef800, 0x00000299b74f3000,
0x00000299b750c800, 0x00000299b7fb1800, 0x00000299b8072800, 0x00000299b810d000,
0x00000299b8218800, 0x00000299bb670800, 0x00000299b83b2800, 0x00000299bcb45800,
0x00000299b9638800, 0x00000299bd05b000
}

Java Threads: ( => current thread )
  0x0000029998c8b000 JavaThread "main" [_thread_blocked, id=25176, stack(0x000000ac09400000,0x000000ac09500000)]
  0x00000299b74cd000 JavaThread "Reference Handler" daemon [_thread_blocked, id=15480, stack(0x000000ac09b00000,0x000000ac09c00000)]
  0x00000299b74d6800 JavaThread "Finalizer" daemon [_thread_blocked, id=25300, stack(0x000000ac09c00000,0x000000ac09d00000)]
  0x00000299b74e6800 JavaThread "Signal Dispatcher" daemon [_thread_blocked, id=14532, stack(0x000000ac09d00000,0x000000ac09e00000)]
  0x00000299b74e9800 JavaThread "Attach Listener" daemon [_thread_blocked, id=23380, stack(0x000000ac09e00000,0x000000ac09f00000)]
  0x00000299b74eb800 JavaThread "Service Thread" daemon [_thread_blocked, id=9972, stack(0x000000ac09f00000,0x000000ac0a000000)]
=>0x00000299b74ef800 JavaThread "C2 CompilerThread0" daemon [_thread_in_native, id=25520, stack(0x000000ac0a000000,0x000000ac0a100000)]
  0x00000299b74f3000 JavaThread "C1 CompilerThread0" daemon [_thread_blocked, id=19412, stack(0x000000ac0a100000,0x000000ac0a200000)]
  0x00000299b750c800 JavaThread "Sweeper thread" daemon [_thread_blocked, id=6460, stack(0x000000ac0a200000,0x000000ac0a300000)]
  0x00000299b7fb1800 JavaThread "Common-Cleaner" daemon [_thread_blocked, id=20108, stack(0x000000ac0a300000,0x000000ac0a400000)]
  0x00000299b8072800 JavaThread "JDWP Transport Listener: dt_socket" daemon [_thread_in_native, id=10088, stack(0x000000ac0a400000,0x000000ac0a500000)]
  0x00000299b810d000 JavaThread "JDWP Event Helper Thread" daemon [_thread_blocked, id=19264, stack(0x000000ac0a500000,0x000000ac0a600000)]
  0x00000299b8218800 JavaThread "JDWP Command Reader" daemon [_thread_in_native, id=13108, stack(0x000000ac0a600000,0x000000ac0a700000)]
  0x00000299bb670800 JavaThread "Catalina-utility-1" [_thread_blocked, id=12872, stack(0x000000ac0aa00000,0x000000ac0ab00000)]
  0x00000299b83b2800 JavaThread "Catalina-utility-2" [_thread_blocked, id=22984, stack(0x000000ac0ac00000,0x000000ac0ad00000)]
  0x00000299bcb45800 JavaThread "container-0" [_thread_blocked, id=24176, stack(0x000000ac0ad00000,0x000000ac0ae00000)]
  0x00000299b9638800 JavaThread "mysql-cj-abandoned-connection-cleanup" daemon [_thread_blocked, id=20420, stack(0x000000ac0ae00000,0x000000ac0af00000)]
  0x00000299bd05b000 JavaThread "HikariPool-1 housekeeper" daemon [_thread_blocked, id=16696, stack(0x000000ac0b000000,0x000000ac0b100000)]

Other Threads:
  0x00000299b74c9800 VMThread "VM Thread" [stack: 0x000000ac09a00000,0x000000ac09b00000] [id=19356]
  0x00000299b80ae000 WatcherThread [stack: 0x000000ac0a700000,0x000000ac0a800000] [id=12868]
  0x0000029998ca5800 GCTaskThread "GC Thread#0" [stack: 0x000000ac09500000,0x000000ac09600000] [id=13464]
  0x00000299b80cd000 GCTaskThread "GC Thread#1" [stack: 0x000000ac0a800000,0x000000ac0a900000] [id=10964]
  0x00000299b886e800 GCTaskThread "GC Thread#2" [stack: 0x000000ac0a900000,0x000000ac0aa00000] [id=23012]
  0x00000299b8ed8000 GCTaskThread "GC Thread#3" [stack: 0x000000ac0ab00000,0x000000ac0ac00000] [id=24396]
  0x0000029998cd4000 ConcurrentGCThread "G1 Main Marker" [stack: 0x000000ac09600000,0x000000ac09700000] [id=24264]
  0x0000029998cd6000 ConcurrentGCThread "G1 Conc#0" [stack: 0x000000ac09700000,0x000000ac09800000] [id=17136]
  0x00000299b7320800 ConcurrentGCThread "G1 Refine#0" [stack: 0x000000ac09800000,0x000000ac09900000] [id=9420]
  0x00000299b7321800 ConcurrentGCThread "G1 Young RemSet Sampling" [stack: 0x000000ac09900000,0x000000ac09a00000] [id=25084]

Threads with active compile tasks:
C2 CompilerThread0    20247 5055   !   4       org.springframework.core.annotation.AnnotationsScanner::processMethodHierarchy (276 bytes)

VM state:not at safepoint (normal execution)

VM Mutex/Monitor currently owned by a thread: None

Heap address: 0x0000000080000000, size: 2048 MB, Compressed Oops mode: 32-bit
Narrow klass base: 0x0000000000000000, Narrow klass shift: 3
Compressed class space size: 1073741824 Address: 0x0000000100000000

Heap:
 garbage-first heap   total 159744K, used 54577K [0x0000000080000000, 0x0000000100000000)
  region size 1024K, 41 young (41984K), 7 survivors (7168K)
 Metaspace       used 62914K, capacity 64436K, committed 64560K, reserved 1105920K
  class space    used 7758K, capacity 8340K, committed 8416K, reserved 1048576K
Heap Regions: E=young(eden), S=young(survivor), O=old, HS=humongous(starts), HC=humongous(continues), CS=collection set, F=free, A=archive, TAMS=top-at-mark-start (previous, next)
|   0|0x0000000080000000, 0x0000000080100000, 0x0000000080100000|100%|HS|  |TAMS 0x0000000080100000, 0x0000000080000000| Complete 
|   1|0x0000000080100000, 0x0000000080200000, 0x0000000080200000|100%| O|  |TAMS 0x0000000080200000, 0x0000000080100000| Untracked 
|   2|0x0000000080200000, 0x0000000080300000, 0x0000000080300000|100%| O|  |TAMS 0x0000000080300000, 0x0000000080200000| Untracked 
|   3|0x0000000080300000, 0x0000000080400000, 0x0000000080400000|100%| O|  |TAMS 0x0000000080400000, 0x0000000080300000| Untracked 
|   4|0x0000000080400000, 0x0000000080500000, 0x0000000080500000|100%| O|  |TAMS 0x0000000080500000, 0x0000000080400000| Untracked 
|   5|0x0000000080500000, 0x0000000080600000, 0x0000000080600000|100%| O|  |TAMS 0x0000000080600000, 0x0000000080500000| Untracked 
|   6|0x0000000080600000, 0x0000000080700000, 0x0000000080700000|100%| O|  |TAMS 0x0000000080700000, 0x0000000080600000| Untracked 
|   7|0x0000000080700000, 0x0000000080800000, 0x0000000080800000|100%| O|  |TAMS 0x0000000080800000, 0x0000000080700000| Untracked 
|   8|0x0000000080800000, 0x0000000080900000, 0x0000000080900000|100%| O|  |TAMS 0x0000000080900000, 0x0000000080800000| Untracked 
|   9|0x0000000080900000, 0x0000000080a00000, 0x0000000080a00000|100%| O|  |TAMS 0x0000000080a00000, 0x0000000080900000| Untracked 
|  10|0x0000000080a00000, 0x0000000080b00000, 0x0000000080b00000|100%| O|  |TAMS 0x0000000080b00000, 0x0000000080a00000| Untracked 
|  11|0x0000000080b00000, 0x0000000080c00000, 0x0000000080c00000|100%| O|  |TAMS 0x0000000080c00000, 0x0000000080b00000| Untracked 
|  12|0x0000000080c00000, 0x0000000080d00000, 0x0000000080d00000|100%| O|  |TAMS 0x0000000080d00000, 0x0000000080c00000| Untracked 
|  13|0x0000000080d00000, 0x0000000080d93800, 0x0000000080e00000| 57%| O|  |TAMS 0x0000000080d93800, 0x0000000080d00000| Untracked 
|  14|0x0000000080e00000, 0x0000000080e00000, 0x0000000080f00000|  0%| F|  |TAMS 0x0000000080e00000, 0x0000000080e00000| Untracked 
|  15|0x0000000080f00000, 0x0000000080f00000, 0x0000000081000000|  0%| F|  |TAMS 0x0000000080f00000, 0x0000000080f00000| Untracked 
|  16|0x0000000081000000, 0x0000000081000000, 0x0000000081100000|  0%| F|  |TAMS 0x0000000081000000, 0x0000000081000000| Untracked 
|  17|0x0000000081100000, 0x0000000081100000, 0x0000000081200000|  0%| F|  |TAMS 0x0000000081100000, 0x0000000081100000| Untracked 
|  18|0x0000000081200000, 0x0000000081200000, 0x0000000081300000|  0%| F|  |TAMS 0x0000000081200000, 0x0000000081200000| Untracked 
|  19|0x0000000081300000, 0x0000000081300000, 0x0000000081400000|  0%| F|  |TAMS 0x0000000081300000, 0x0000000081300000| Untracked 
|  20|0x0000000081400000, 0x0000000081400000, 0x0000000081500000|  0%| F|  |TAMS 0x0000000081400000, 0x0000000081400000| Untracked 
|  21|0x0000000081500000, 0x0000000081500000, 0x0000000081600000|  0%| F|  |TAMS 0x0000000081500000, 0x0000000081500000| Untracked 
|  22|0x0000000081600000, 0x0000000081600000, 0x0000000081700000|  0%| F|  |TAMS 0x0000000081600000, 0x0000000081600000| Untracked 
|  23|0x0000000081700000, 0x0000000081700000, 0x0000000081800000|  0%| F|  |TAMS 0x0000000081700000, 0x0000000081700000| Untracked 
|  24|0x0000000081800000, 0x0000000081800000, 0x0000000081900000|  0%| F|  |TAMS 0x0000000081800000, 0x0000000081800000| Untracked 
|  25|0x0000000081900000, 0x0000000081900000, 0x0000000081a00000|  0%| F|  |TAMS 0x0000000081900000, 0x0000000081900000| Untracked 
|  26|0x0000000081a00000, 0x0000000081a00000, 0x0000000081b00000|  0%| F|  |TAMS 0x0000000081a00000, 0x0000000081a00000| Untracked 
|  27|0x0000000081b00000, 0x0000000081b00000, 0x0000000081c00000|  0%| F|  |TAMS 0x0000000081b00000, 0x0000000081b00000| Untracked 
|  28|0x0000000081c00000, 0x0000000081c00000, 0x0000000081d00000|  0%| F|  |TAMS 0x0000000081c00000, 0x0000000081c00000| Untracked 
|  29|0x0000000081d00000, 0x0000000081d00000, 0x0000000081e00000|  0%| F|  |TAMS 0x0000000081d00000, 0x0000000081d00000| Untracked 
|  30|0x0000000081e00000, 0x0000000081e00000, 0x0000000081f00000|  0%| F|  |TAMS 0x0000000081e00000, 0x0000000081e00000| Untracked 
|  31|0x0000000081f00000, 0x0000000081f00000, 0x0000000082000000|  0%| F|  |TAMS 0x0000000081f00000, 0x0000000081f00000| Untracked 
|  32|0x0000000082000000, 0x0000000082000000, 0x0000000082100000|  0%| F|  |TAMS 0x0000000082000000, 0x0000000082000000| Untracked 
|  33|0x0000000082100000, 0x0000000082100000, 0x0000000082200000|  0%| F|  |TAMS 0x0000000082100000, 0x0000000082100000| Untracked 
|  34|0x0000000082200000, 0x0000000082200000, 0x0000000082300000|  0%| F|  |TAMS 0x0000000082200000, 0x0000000082200000| Untracked 
|  35|0x0000000082300000, 0x0000000082300000, 0x0000000082400000|  0%| F|  |TAMS 0x0000000082300000, 0x0000000082300000| Untracked 
|  36|0x0000000082400000, 0x0000000082400000, 0x0000000082500000|  0%| F|  |TAMS 0x0000000082400000, 0x0000000082400000| Untracked 
|  37|0x0000000082500000, 0x0000000082500000, 0x0000000082600000|  0%| F|  |TAMS 0x0000000082500000, 0x0000000082500000| Untracked 
|  38|0x0000000082600000, 0x0000000082600000, 0x0000000082700000|  0%| F|  |TAMS 0x0000000082600000, 0x0000000082600000| Untracked 
|  39|0x0000000082700000, 0x0000000082700000, 0x0000000082800000|  0%| F|  |TAMS 0x0000000082700000, 0x0000000082700000| Untracked 
|  40|0x0000000082800000, 0x0000000082800000, 0x0000000082900000|  0%| F|  |TAMS 0x0000000082800000, 0x0000000082800000| Untracked 
|  41|0x0000000082900000, 0x0000000082900000, 0x0000000082a00000|  0%| F|  |TAMS 0x0000000082900000, 0x0000000082900000| Untracked 
|  42|0x0000000082a00000, 0x0000000082a00000, 0x0000000082b00000|  0%| F|  |TAMS 0x0000000082a00000, 0x0000000082a00000| Untracked 
|  43|0x0000000082b00000, 0x0000000082b00000, 0x0000000082c00000|  0%| F|  |TAMS 0x0000000082b00000, 0x0000000082b00000| Untracked 
|  44|0x0000000082c00000, 0x0000000082c00000, 0x0000000082d00000|  0%| F|  |TAMS 0x0000000082c00000, 0x0000000082c00000| Untracked 
|  45|0x0000000082d00000, 0x0000000082d00000, 0x0000000082e00000|  0%| F|  |TAMS 0x0000000082d00000, 0x0000000082d00000| Untracked 
|  46|0x0000000082e00000, 0x0000000082e00000, 0x0000000082f00000|  0%| F|  |TAMS 0x0000000082e00000, 0x0000000082e00000| Untracked 
|  47|0x0000000082f00000, 0x0000000082f00000, 0x0000000083000000|  0%| F|  |TAMS 0x0000000082f00000, 0x0000000082f00000| Untracked 
|  48|0x0000000083000000, 0x0000000083000000, 0x0000000083100000|  0%| F|  |TAMS 0x0000000083000000, 0x0000000083000000| Untracked 
|  49|0x0000000083100000, 0x0000000083100000, 0x0000000083200000|  0%| F|  |TAMS 0x0000000083100000, 0x0000000083100000| Untracked 
|  50|0x0000000083200000, 0x0000000083200000, 0x0000000083300000|  0%| F|  |TAMS 0x0000000083200000, 0x0000000083200000| Untracked 
|  51|0x0000000083300000, 0x0000000083300000, 0x0000000083400000|  0%| F|  |TAMS 0x0000000083300000, 0x0000000083300000| Untracked 
|  52|0x0000000083400000, 0x0000000083400000, 0x0000000083500000|  0%| F|  |TAMS 0x0000000083400000, 0x0000000083400000| Untracked 
|  53|0x0000000083500000, 0x0000000083500000, 0x0000000083600000|  0%| F|  |TAMS 0x0000000083500000, 0x0000000083500000| Untracked 
|  54|0x0000000083600000, 0x0000000083600000, 0x0000000083700000|  0%| F|  |TAMS 0x0000000083600000, 0x0000000083600000| Untracked 
|  55|0x0000000083700000, 0x0000000083700000, 0x0000000083800000|  0%| F|  |TAMS 0x0000000083700000, 0x0000000083700000| Untracked 
|  56|0x0000000083800000, 0x00000000838b8f20, 0x0000000083900000| 72%| S|CS|TAMS 0x0000000083800000, 0x0000000083800000| Complete 
|  57|0x0000000083900000, 0x0000000083a00000, 0x0000000083a00000|100%| S|CS|TAMS 0x0000000083900000, 0x0000000083900000| Complete 
|  58|0x0000000083a00000, 0x0000000083b00000, 0x0000000083b00000|100%| S|CS|TAMS 0x0000000083a00000, 0x0000000083a00000| Complete 
|  59|0x0000000083b00000, 0x0000000083c00000, 0x0000000083c00000|100%| S|CS|TAMS 0x0000000083b00000, 0x0000000083b00000| Complete 
|  60|0x0000000083c00000, 0x0000000083d00000, 0x0000000083d00000|100%| S|CS|TAMS 0x0000000083c00000, 0x0000000083c00000| Complete 
|  61|0x0000000083d00000, 0x0000000083e00000, 0x0000000083e00000|100%| S|CS|TAMS 0x0000000083d00000, 0x0000000083d00000| Complete 
|  62|0x0000000083e00000, 0x0000000083f00000, 0x0000000083f00000|100%| S|CS|TAMS 0x0000000083e00000, 0x0000000083e00000| Complete 
|  63|0x0000000083f00000, 0x0000000083f00000, 0x0000000084000000|  0%| F|  |TAMS 0x0000000083f00000, 0x0000000083f00000| Untracked 
|  64|0x0000000084000000, 0x0000000084000000, 0x0000000084100000|  0%| F|  |TAMS 0x0000000084000000, 0x0000000084000000| Untracked 
|  65|0x0000000084100000, 0x0000000084100000, 0x0000000084200000|  0%| F|  |TAMS 0x0000000084100000, 0x0000000084100000| Untracked 
|  66|0x0000000084200000, 0x0000000084200000, 0x0000000084300000|  0%| F|  |TAMS 0x0000000084200000, 0x0000000084200000| Untracked 
|  67|0x0000000084300000, 0x0000000084300000, 0x0000000084400000|  0%| F|  |TAMS 0x0000000084300000, 0x0000000084300000| Untracked 
|  68|0x0000000084400000, 0x0000000084400000, 0x0000000084500000|  0%| F|  |TAMS 0x0000000084400000, 0x0000000084400000| Untracked 
|  69|0x0000000084500000, 0x0000000084500000, 0x0000000084600000|  0%| F|  |TAMS 0x0000000084500000, 0x0000000084500000| Untracked 
|  70|0x0000000084600000, 0x0000000084600000, 0x0000000084700000|  0%| F|  |TAMS 0x0000000084600000, 0x0000000084600000| Untracked 
|  71|0x0000000084700000, 0x0000000084700000, 0x0000000084800000|  0%| F|  |TAMS 0x0000000084700000, 0x0000000084700000| Untracked 
|  72|0x0000000084800000, 0x0000000084800000, 0x0000000084900000|  0%| F|  |TAMS 0x0000000084800000, 0x0000000084800000| Untracked 
|  73|0x0000000084900000, 0x0000000084900000, 0x0000000084a00000|  0%| F|  |TAMS 0x0000000084900000, 0x0000000084900000| Untracked 
|  74|0x0000000084a00000, 0x0000000084a00000, 0x0000000084b00000|  0%| F|  |TAMS 0x0000000084a00000, 0x0000000084a00000| Untracked 
|  75|0x0000000084b00000, 0x0000000084b00000, 0x0000000084c00000|  0%| F|  |TAMS 0x0000000084b00000, 0x0000000084b00000| Untracked 
|  76|0x0000000084c00000, 0x0000000084c00000, 0x0000000084d00000|  0%| F|  |TAMS 0x0000000084c00000, 0x0000000084c00000| Untracked 
|  77|0x0000000084d00000, 0x0000000084d00000, 0x0000000084e00000|  0%| F|  |TAMS 0x0000000084d00000, 0x0000000084d00000| Untracked 
|  78|0x0000000084e00000, 0x0000000084e00000, 0x0000000084f00000|  0%| F|  |TAMS 0x0000000084e00000, 0x0000000084e00000| Untracked 
|  79|0x0000000084f00000, 0x0000000084f00000, 0x0000000085000000|  0%| F|  |TAMS 0x0000000084f00000, 0x0000000084f00000| Untracked 
|  80|0x0000000085000000, 0x0000000085000000, 0x0000000085100000|  0%| F|  |TAMS 0x0000000085000000, 0x0000000085000000| Untracked 
|  81|0x0000000085100000, 0x0000000085100000, 0x0000000085200000|  0%| F|  |TAMS 0x0000000085100000, 0x0000000085100000| Untracked 
|  82|0x0000000085200000, 0x0000000085200000, 0x0000000085300000|  0%| F|  |TAMS 0x0000000085200000, 0x0000000085200000| Untracked 
|  83|0x0000000085300000, 0x0000000085300000, 0x0000000085400000|  0%| F|  |TAMS 0x0000000085300000, 0x0000000085300000| Untracked 
|  84|0x0000000085400000, 0x0000000085400000, 0x0000000085500000|  0%| F|  |TAMS 0x0000000085400000, 0x0000000085400000| Untracked 
|  85|0x0000000085500000, 0x0000000085500000, 0x0000000085600000|  0%| F|  |TAMS 0x0000000085500000, 0x0000000085500000| Untracked 
|  86|0x0000000085600000, 0x0000000085600000, 0x0000000085700000|  0%| F|  |TAMS 0x0000000085600000, 0x0000000085600000| Untracked 
|  87|0x0000000085700000, 0x0000000085700000, 0x0000000085800000|  0%| F|  |TAMS 0x0000000085700000, 0x0000000085700000| Untracked 
|  88|0x0000000085800000, 0x0000000085800000, 0x0000000085900000|  0%| F|  |TAMS 0x0000000085800000, 0x0000000085800000| Untracked 
|  89|0x0000000085900000, 0x0000000085900000, 0x0000000085a00000|  0%| F|  |TAMS 0x0000000085900000, 0x0000000085900000| Untracked 
|  90|0x0000000085a00000, 0x0000000085a00000, 0x0000000085b00000|  0%| F|  |TAMS 0x0000000085a00000, 0x0000000085a00000| Untracked 
|  91|0x0000000085b00000, 0x0000000085b00000, 0x0000000085c00000|  0%| F|  |TAMS 0x0000000085b00000, 0x0000000085b00000| Untracked 
|  92|0x0000000085c00000, 0x0000000085c00000, 0x0000000085d00000|  0%| F|  |TAMS 0x0000000085c00000, 0x0000000085c00000| Untracked 
|  93|0x0000000085d00000, 0x0000000085d00000, 0x0000000085e00000|  0%| F|  |TAMS 0x0000000085d00000, 0x0000000085d00000| Untracked 
|  94|0x0000000085e00000, 0x0000000085e00000, 0x0000000085f00000|  0%| F|  |TAMS 0x0000000085e00000, 0x0000000085e00000| Untracked 
|  95|0x0000000085f00000, 0x0000000085f00000, 0x0000000086000000|  0%| F|  |TAMS 0x0000000085f00000, 0x0000000085f00000| Untracked 
|  96|0x0000000086000000, 0x0000000086000000, 0x0000000086100000|  0%| F|  |TAMS 0x0000000086000000, 0x0000000086000000| Untracked 
|  97|0x0000000086100000, 0x0000000086100000, 0x0000000086200000|  0%| F|  |TAMS 0x0000000086100000, 0x0000000086100000| Untracked 
|  98|0x0000000086200000, 0x0000000086200000, 0x0000000086300000|  0%| F|  |TAMS 0x0000000086200000, 0x0000000086200000| Untracked 
|  99|0x0000000086300000, 0x0000000086300000, 0x0000000086400000|  0%| F|  |TAMS 0x0000000086300000, 0x0000000086300000| Untracked 
| 100|0x0000000086400000, 0x0000000086400000, 0x0000000086500000|  0%| F|  |TAMS 0x0000000086400000, 0x0000000086400000| Untracked 
| 101|0x0000000086500000, 0x0000000086500000, 0x0000000086600000|  0%| F|  |TAMS 0x0000000086500000, 0x0000000086500000| Untracked 
| 102|0x0000000086600000, 0x0000000086600000, 0x0000000086700000|  0%| F|  |TAMS 0x0000000086600000, 0x0000000086600000| Untracked 
| 103|0x0000000086700000, 0x0000000086700000, 0x0000000086800000|  0%| F|  |TAMS 0x0000000086700000, 0x0000000086700000| Untracked 
| 104|0x0000000086800000, 0x0000000086800000, 0x0000000086900000|  0%| F|  |TAMS 0x0000000086800000, 0x0000000086800000| Untracked 
| 105|0x0000000086900000, 0x0000000086900000, 0x0000000086a00000|  0%| F|  |TAMS 0x0000000086900000, 0x0000000086900000| Untracked 
| 106|0x0000000086a00000, 0x0000000086a00000, 0x0000000086b00000|  0%| F|  |TAMS 0x0000000086a00000, 0x0000000086a00000| Untracked 
| 107|0x0000000086b00000, 0x0000000086b00000, 0x0000000086c00000|  0%| F|  |TAMS 0x0000000086b00000, 0x0000000086b00000| Untracked 
| 108|0x0000000086c00000, 0x0000000086c00000, 0x0000000086d00000|  0%| F|  |TAMS 0x0000000086c00000, 0x0000000086c00000| Untracked 
| 109|0x0000000086d00000, 0x0000000086d00000, 0x0000000086e00000|  0%| F|  |TAMS 0x0000000086d00000, 0x0000000086d00000| Untracked 
| 110|0x0000000086e00000, 0x0000000086e00000, 0x0000000086f00000|  0%| F|  |TAMS 0x0000000086e00000, 0x0000000086e00000| Untracked 
| 111|0x0000000086f00000, 0x0000000086f00000, 0x0000000087000000|  0%| F|  |TAMS 0x0000000086f00000, 0x0000000086f00000| Untracked 
| 112|0x0000000087000000, 0x0000000087000000, 0x0000000087100000|  0%| F|  |TAMS 0x0000000087000000, 0x0000000087000000| Untracked 
| 113|0x0000000087100000, 0x0000000087100000, 0x0000000087200000|  0%| F|  |TAMS 0x0000000087100000, 0x0000000087100000| Untracked 
| 114|0x0000000087200000, 0x0000000087200000, 0x0000000087300000|  0%| F|  |TAMS 0x0000000087200000, 0x0000000087200000| Untracked 
| 115|0x0000000087300000, 0x0000000087300000, 0x0000000087400000|  0%| F|  |TAMS 0x0000000087300000, 0x0000000087300000| Untracked 
| 116|0x0000000087400000, 0x0000000087400000, 0x0000000087500000|  0%| F|  |TAMS 0x0000000087400000, 0x0000000087400000| Untracked 
| 117|0x0000000087500000, 0x0000000087500000, 0x0000000087600000|  0%| F|  |TAMS 0x0000000087500000, 0x0000000087500000| Untracked 
| 118|0x0000000087600000, 0x0000000087600000, 0x0000000087700000|  0%| F|  |TAMS 0x0000000087600000, 0x0000000087600000| Untracked 
| 119|0x0000000087700000, 0x0000000087700000, 0x0000000087800000|  0%| F|  |TAMS 0x0000000087700000, 0x0000000087700000| Untracked 
| 120|0x0000000087800000, 0x0000000087800000, 0x0000000087900000|  0%| F|  |TAMS 0x0000000087800000, 0x0000000087800000| Untracked 
| 121|0x0000000087900000, 0x0000000087900000, 0x0000000087a00000|  0%| F|  |TAMS 0x0000000087900000, 0x0000000087900000| Untracked 
| 122|0x0000000087a00000, 0x0000000087ae8510, 0x0000000087b00000| 90%| E|  |TAMS 0x0000000087a00000, 0x0000000087a00000| Complete 
| 123|0x0000000087b00000, 0x0000000087c00000, 0x0000000087c00000|100%| E|CS|TAMS 0x0000000087b00000, 0x0000000087b00000| Complete 
| 124|0x0000000087c00000, 0x0000000087d00000, 0x0000000087d00000|100%| E|CS|TAMS 0x0000000087c00000, 0x0000000087c00000| Complete 
| 125|0x0000000087d00000, 0x0000000087e00000, 0x0000000087e00000|100%| E|CS|TAMS 0x0000000087d00000, 0x0000000087d00000| Complete 
| 126|0x0000000087e00000, 0x0000000087f00000, 0x0000000087f00000|100%| E|CS|TAMS 0x0000000087e00000, 0x0000000087e00000| Complete 
| 127|0x0000000087f00000, 0x0000000088000000, 0x0000000088000000|100%| E|CS|TAMS 0x0000000087f00000, 0x0000000087f00000| Complete 
| 128|0x0000000088000000, 0x0000000088100000, 0x0000000088100000|100%| E|CS|TAMS 0x0000000088000000, 0x0000000088000000| Complete 
| 129|0x0000000088100000, 0x0000000088200000, 0x0000000088200000|100%| E|CS|TAMS 0x0000000088100000, 0x0000000088100000| Complete 
| 130|0x0000000088200000, 0x0000000088300000, 0x0000000088300000|100%| E|CS|TAMS 0x0000000088200000, 0x0000000088200000| Complete 
| 131|0x0000000088300000, 0x0000000088400000, 0x0000000088400000|100%| E|CS|TAMS 0x0000000088300000, 0x0000000088300000| Complete 
| 132|0x0000000088400000, 0x0000000088500000, 0x0000000088500000|100%| E|CS|TAMS 0x0000000088400000, 0x0000000088400000| Complete 
| 133|0x0000000088500000, 0x0000000088600000, 0x0000000088600000|100%| E|CS|TAMS 0x0000000088500000, 0x0000000088500000| Complete 
| 134|0x0000000088600000, 0x0000000088700000, 0x0000000088700000|100%| E|CS|TAMS 0x0000000088600000, 0x0000000088600000| Complete 
| 135|0x0000000088700000, 0x0000000088800000, 0x0000000088800000|100%| E|CS|TAMS 0x0000000088700000, 0x0000000088700000| Complete 
| 136|0x0000000088800000, 0x0000000088900000, 0x0000000088900000|100%| E|CS|TAMS 0x0000000088800000, 0x0000000088800000| Complete 
| 137|0x0000000088900000, 0x0000000088a00000, 0x0000000088a00000|100%| E|CS|TAMS 0x0000000088900000, 0x0000000088900000| Complete 
| 138|0x0000000088a00000, 0x0000000088b00000, 0x0000000088b00000|100%| E|CS|TAMS 0x0000000088a00000, 0x0000000088a00000| Complete 
| 139|0x0000000088b00000, 0x0000000088c00000, 0x0000000088c00000|100%| E|CS|TAMS 0x0000000088b00000, 0x0000000088b00000| Complete 
| 140|0x0000000088c00000, 0x0000000088d00000, 0x0000000088d00000|100%| E|CS|TAMS 0x0000000088c00000, 0x0000000088c00000| Complete 
| 141|0x0000000088d00000, 0x0000000088e00000, 0x0000000088e00000|100%| E|CS|TAMS 0x0000000088d00000, 0x0000000088d00000| Complete 
| 142|0x0000000088e00000, 0x0000000088f00000, 0x0000000088f00000|100%| E|CS|TAMS 0x0000000088e00000, 0x0000000088e00000| Complete 
| 143|0x0000000088f00000, 0x0000000089000000, 0x0000000089000000|100%| E|CS|TAMS 0x0000000088f00000, 0x0000000088f00000| Complete 
| 144|0x0000000089000000, 0x0000000089100000, 0x0000000089100000|100%| E|CS|TAMS 0x0000000089000000, 0x0000000089000000| Complete 
| 145|0x0000000089100000, 0x0000000089200000, 0x0000000089200000|100%| E|CS|TAMS 0x0000000089100000, 0x0000000089100000| Complete 
| 146|0x0000000089200000, 0x0000000089300000, 0x0000000089300000|100%| E|CS|TAMS 0x0000000089200000, 0x0000000089200000| Complete 
| 147|0x0000000089300000, 0x0000000089400000, 0x0000000089400000|100%| E|CS|TAMS 0x0000000089300000, 0x0000000089300000| Complete 
| 148|0x0000000089400000, 0x0000000089500000, 0x0000000089500000|100%| E|CS|TAMS 0x0000000089400000, 0x0000000089400000| Complete 
| 149|0x0000000089500000, 0x0000000089600000, 0x0000000089600000|100%| E|CS|TAMS 0x0000000089500000, 0x0000000089500000| Complete 
| 150|0x0000000089600000, 0x0000000089700000, 0x0000000089700000|100%| E|CS|TAMS 0x0000000089600000, 0x0000000089600000| Complete 
| 151|0x0000000089700000, 0x0000000089800000, 0x0000000089800000|100%| E|CS|TAMS 0x0000000089700000, 0x0000000089700000| Complete 
| 152|0x0000000089800000, 0x0000000089900000, 0x0000000089900000|100%| E|CS|TAMS 0x0000000089800000, 0x0000000089800000| Complete 
| 153|0x0000000089900000, 0x0000000089a00000, 0x0000000089a00000|100%| E|CS|TAMS 0x0000000089900000, 0x0000000089900000| Complete 
| 154|0x0000000089a00000, 0x0000000089b00000, 0x0000000089b00000|100%| E|CS|TAMS 0x0000000089a00000, 0x0000000089a00000| Complete 
| 155|0x0000000089b00000, 0x0000000089c00000, 0x0000000089c00000|100%| E|CS|TAMS 0x0000000089b00000, 0x0000000089b00000| Complete 

Card table byte_map: [0x00000299b07e0000,0x00000299b0be0000] _byte_map_base: 0x00000299b03e0000

Marking Bits (Prev, Next): (CMBitMap*) 0x0000029996b5e940, (CMBitMap*) 0x0000029996b5e908
 Prev Bits: [0x00000299b2fe0000, 0x00000299b4fe0000)
 Next Bits: [0x00000299b0fe0000, 0x00000299b2fe0000)

Polling page: 0x0000029998460000

Metaspace:

Usage:
  Non-class:     54.78 MB capacity,    53.86 MB ( 98%) used,   742.91 KB (  1%) free+waste,   197.19 KB ( <1%) overhead. 
      Class:      8.14 MB capacity,     7.58 MB ( 93%) used,   489.56 KB (  6%) free+waste,    91.56 KB (  1%) overhead. 
       Both:     62.93 MB capacity,    61.44 MB ( 98%) used,     1.20 MB (  2%) free+waste,   288.75 KB ( <1%) overhead. 

Virtual space:
  Non-class space:       56.00 MB reserved,      54.83 MB ( 98%) committed 
      Class space:        1.00 GB reserved,       8.22 MB ( <1%) committed 
             Both:        1.05 GB reserved,      63.05 MB (  6%) committed 

Chunk freelists:
   Non-Class:  48.00 KB
       Class:  12.00 KB
        Both:  60.00 KB

MaxMetaspaceSize: 17179869184.00 GB
CompressedClassSpaceSize: 1.00 GB
Initial GC threshold: 20.80 MB
Current GC threshold: 98.20 MB
CDS: off

CodeHeap 'non-profiled nmethods': size=120064Kb used=3309Kb max_used=3309Kb free=116754Kb
 bounds [0x00000299a8ea0000, 0x00000299a91e0000, 0x00000299b03e0000]
CodeHeap 'profiled nmethods': size=120000Kb used=11945Kb max_used=11945Kb free=108055Kb
 bounds [0x00000299a1970000, 0x00000299a2520000, 0x00000299a8ea0000]
CodeHeap 'non-nmethods': size=5696Kb used=1387Kb max_used=1476Kb free=4308Kb
 bounds [0x00000299a13e0000, 0x00000299a1650000, 0x00000299a1970000]
 total_blobs=5632 nmethods=5039 adapters=512
 compilation: enabled
              stopped_count=0, restarted_count=0
 full_count=0

Compilation events (20 events):
Event: 18.854 Thread 0x00000299b74f3000 5061       2       java.lang.Iterable::spliterator (11 bytes)
Event: 18.854 Thread 0x00000299b74f3000 nmethod 5061 0x00000299a2517490 code [0x00000299a2517680, 0x00000299a25179d8]
Event: 18.908 Thread 0x00000299b74f3000 5062       2       java.util.ArrayDeque::<init> (14 bytes)
Event: 18.908 Thread 0x00000299b74f3000 nmethod 5062 0x00000299a2517b90 code [0x00000299a2517d40, 0x00000299a2517f18]
Event: 18.908 Thread 0x00000299b74f3000 5063       2       org.springframework.transaction.annotation.AnnotationTransactionAttributeSource::findTransactionAttribute (6 bytes)
Event: 18.908 Thread 0x00000299b74f3000 nmethod 5063 0x00000299a2518010 code [0x00000299a25181c0, 0x00000299a25182e8]
Event: 18.909 Thread 0x00000299b74f3000 5064       2       org.springframework.transaction.annotation.AnnotationTransactionAttributeSource::findTransactionAttribute (6 bytes)
Event: 18.909 Thread 0x00000299b74f3000 nmethod 5064 0x00000299a2518390 code [0x00000299a2518540, 0x00000299a2518668]
Event: 18.909 Thread 0x00000299b74f3000 5066       2       org.springframework.transaction.interceptor.AbstractFallbackTransactionAttributeSource::getTransactionAttribute (186 bytes)
Event: 18.910 Thread 0x00000299b74f3000 nmethod 5066 0x00000299a2518710 code [0x00000299a25189c0, 0x00000299a2519118]
Event: 18.910 Thread 0x00000299b74f3000 5067       2       org.springframework.transaction.interceptor.AbstractFallbackTransactionAttributeSource::getCacheKey (10 bytes)
Event: 18.910 Thread 0x00000299b74f3000 nmethod 5067 0x00000299a2519510 code [0x00000299a25196c0, 0x00000299a25198d8]
Event: 18.910 Thread 0x00000299b74f3000 5068       2       org.springframework.core.MethodClassKey::<init> (15 bytes)
Event: 18.910 Thread 0x00000299b74f3000 nmethod 5068 0x00000299a2519990 code [0x00000299a2519b40, 0x00000299a2519cd8]
Event: 18.918 Thread 0x00000299b74f3000 5069   !   2       com.sun.proxy.$Proxy10::value (29 bytes)
Event: 18.918 Thread 0x00000299b74f3000 nmethod 5069 0x00000299a2519d90 code [0x00000299a2519f80, 0x00000299a251a258]
Event: 19.216 Thread 0x00000299b74ef800 nmethod 4942 0x00000299a91cbd10 code [0x00000299a91cc760, 0x00000299a91d39f0]
Event: 19.217 Thread 0x00000299b74ef800 5004       4       java.lang.PublicMethods$MethodList::filter (104 bytes)
Event: 19.230 Thread 0x00000299b74ef800 nmethod 5004 0x00000299a91da190 code [0x00000299a91da360, 0x00000299a91dadb8]
Event: 19.230 Thread 0x00000299b74ef800 5055   !   4       org.springframework.core.annotation.AnnotationsScanner::processMethodHierarchy (276 bytes)

GC Heap History (16 events):
Event: 1.448 GC heap before
{Heap before GC invocations=0 (full 0):
 garbage-first heap   total 131072K, used 14336K [0x0000000080000000, 0x0000000100000000)
  region size 1024K, 14 young (14336K), 0 survivors (0K)
 Metaspace       used 9130K, capacity 9232K, committed 9344K, reserved 1058816K
  class space    used 794K, capacity 841K, committed 896K, reserved 1048576K
}
Event: 1.487 GC heap after
{Heap after GC invocations=1 (full 0):
 garbage-first heap   total 131072K, used 6262K [0x0000000080000000, 0x0000000100000000)
  region size 1024K, 2 young (2048K), 2 survivors (2048K)
 Metaspace       used 9130K, capacity 9232K, committed 9344K, reserved 1058816K
  class space    used 794K, capacity 841K, committed 896K, reserved 1048576K
}
Event: 1.897 GC heap before
{Heap before GC invocations=1 (full 0):
 garbage-first heap   total 131072K, used 15478K [0x0000000080000000, 0x0000000100000000)
  region size 1024K, 11 young (11264K), 2 survivors (2048K)
 Metaspace       used 10860K, capacity 10957K, committed 11136K, reserved 1058816K
  class space    used 998K, capacity 1035K, committed 1152K, reserved 1048576K
}
Event: 1.900 GC heap after
{Heap after GC invocations=2 (full 0):
 garbage-first heap   total 131072K, used 6625K [0x0000000080000000, 0x0000000100000000)
  region size 1024K, 1 young (1024K), 1 survivors (1024K)
 Metaspace       used 10860K, capacity 10957K, committed 11136K, reserved 1058816K
  class space    used 998K, capacity 1035K, committed 1152K, reserved 1048576K
}
Event: 3.368 GC heap before
{Heap before GC invocations=2 (full 0):
 garbage-first heap   total 131072K, used 37345K [0x0000000080000000, 0x0000000100000000)
  region size 1024K, 31 young (31744K), 1 survivors (1024K)
 Metaspace       used 17411K, capacity 17797K, committed 17920K, reserved 1064960K
  class space    used 1813K, capacity 1984K, committed 2048K, reserved 1048576K
}
Event: 3.392 GC heap after
{Heap after GC invocations=3 (full 0):
 garbage-first heap   total 131072K, used 8452K [0x0000000080000000, 0x0000000100000000)
  region size 1024K, 3 young (3072K), 3 survivors (3072K)
 Metaspace       used 17411K, capacity 17797K, committed 17920K, reserved 1064960K
  class space    used 1813K, capacity 1984K, committed 2048K, reserved 1048576K
}
Event: 3.804 GC heap before
{Heap before GC invocations=3 (full 0):
 garbage-first heap   total 131072K, used 26884K [0x0000000080000000, 0x0000000100000000)
  region size 1024K, 22 young (22528K), 3 survivors (3072K)
 Metaspace       used 20651K, capacity 21151K, committed 21296K, reserved 1069056K
  class space    used 2171K, capacity 2380K, committed 2432K, reserved 1048576K
}
Event: 3.808 GC heap after
{Heap after GC invocations=4 (full 0):
 garbage-first heap   total 131072K, used 8769K [0x0000000080000000, 0x0000000100000000)
  region size 1024K, 3 young (3072K), 3 survivors (3072K)
 Metaspace       used 20651K, capacity 21151K, committed 21296K, reserved 1069056K
  class space    used 2171K, capacity 2380K, committed 2432K, reserved 1048576K
}
Event: 6.118 GC heap before
{Heap before GC invocations=5 (full 0):
 garbage-first heap   total 131072K, used 72257K [0x0000000080000000, 0x0000000100000000)
  region size 1024K, 66 young (67584K), 3 survivors (3072K)
 Metaspace       used 27297K, capacity 27994K, committed 28336K, reserved 1075200K
  class space    used 2982K, capacity 3223K, committed 3328K, reserved 1048576K
}
Event: 6.127 GC heap after
{Heap after GC invocations=6 (full 0):
 garbage-first heap   total 131072K, used 10876K [0x0000000080000000, 0x0000000100000000)
  region size 1024K, 5 young (5120K), 5 survivors (5120K)
 Metaspace       used 27297K, capacity 27994K, committed 28336K, reserved 1075200K
  class space    used 2982K, capacity 3223K, committed 3328K, reserved 1048576K
}
Event: 10.274 GC heap before
{Heap before GC invocations=6 (full 0):
 garbage-first heap   total 131072K, used 65148K [0x0000000080000000, 0x0000000100000000)
  region size 1024K, 59 young (60416K), 5 survivors (5120K)
 Metaspace       used 34825K, capacity 35806K, committed 35920K, reserved 1081344K
  class space    used 3958K, capacity 4328K, committed 4352K, reserved 1048576K
}
Event: 10.290 GC heap after
{Heap after GC invocations=7 (full 0):
 garbage-first heap   total 131072K, used 14141K [0x0000000080000000, 0x0000000100000000)
  region size 1024K, 8 young (8192K), 8 survivors (8192K)
 Metaspace       used 34825K, capacity 35806K, committed 35920K, reserved 1081344K
  class space    used 3958K, capacity 4328K, committed 4352K, reserved 1048576K
}
Event: 13.320 GC heap before
{Heap before GC invocations=8 (full 0):
 garbage-first heap   total 131072K, used 83773K [0x0000000080000000, 0x0000000100000000)
  region size 1024K, 76 young (77824K), 8 survivors (8192K)
 Metaspace       used 46555K, capacity 47816K, committed 47952K, reserved 1091584K
  class space    used 5556K, capacity 6055K, committed 6144K, reserved 1048576K
}
Event: 13.339 GC heap after
{Heap after GC invocations=9 (full 0):
 garbage-first heap   total 131072K, used 18538K [0x0000000080000000, 0x0000000100000000)
  region size 1024K, 8 young (8192K), 8 survivors (8192K)
 Metaspace       used 46555K, capacity 47816K, committed 47952K, reserved 1091584K
  class space    used 5556K, capacity 6055K, committed 6144K, reserved 1048576K
}
Event: 16.862 GC heap before
{Heap before GC invocations=9 (full 0):
 garbage-first heap   total 131072K, used 84074K [0x0000000080000000, 0x0000000100000000)
  region size 1024K, 73 young (74752K), 8 survivors (8192K)
 Metaspace       used 58656K, capacity 59956K, committed 60080K, reserved 1101824K
  class space    used 7182K, capacity 7701K, committed 7776K, reserved 1048576K
}
Event: 16.876 GC heap after
{Heap after GC invocations=10 (full 0):
 garbage-first heap   total 159744K, used 20785K [0x0000000080000000, 0x0000000100000000)
  region size 1024K, 7 young (7168K), 7 survivors (7168K)
 Metaspace       used 58656K, capacity 59956K, committed 60080K, reserved 1101824K
  class space    used 7182K, capacity 7701K, committed 7776K, reserved 1048576K
}

Deoptimization events (20 events):
Event: 18.498 Thread 0x0000029998c8b000 DEOPT PACKING pc=0x00000299a2037a8c sp=0x000000ac094fcb00
Event: 18.498 Thread 0x0000029998c8b000 DEOPT UNPACKING pc=0x00000299a1429d0e sp=0x000000ac094fbfd0 mode 1
Event: 18.499 Thread 0x0000029998c8b000 DEOPT PACKING pc=0x00000299a90c6674 sp=0x000000ac094fcca0
Event: 18.499 Thread 0x0000029998c8b000 DEOPT UNPACKING pc=0x00000299a1429d0e sp=0x000000ac094fc130 mode 1
Event: 18.500 Thread 0x0000029998c8b000 DEOPT PACKING pc=0x00000299a90c6674 sp=0x000000ac094fcc30
Event: 18.500 Thread 0x0000029998c8b000 DEOPT UNPACKING pc=0x00000299a1429d0e sp=0x000000ac094fc0c0 mode 1
Event: 18.501 Thread 0x0000029998c8b000 DEOPT PACKING pc=0x00000299a2037a8c sp=0x000000ac094fcc10
Event: 18.501 Thread 0x0000029998c8b000 DEOPT UNPACKING pc=0x00000299a1429d0e sp=0x000000ac094fc0e0 mode 1
Event: 18.779 Thread 0x0000029998c8b000 DEOPT PACKING pc=0x00000299a90c6674 sp=0x000000ac094fca90
Event: 18.779 Thread 0x0000029998c8b000 DEOPT UNPACKING pc=0x00000299a1429d0e sp=0x000000ac094fbf08 mode 1
Event: 18.779 Thread 0x0000029998c8b000 DEOPT PACKING pc=0x00000299a1dc58dc sp=0x000000ac094fcad0
Event: 18.779 Thread 0x0000029998c8b000 DEOPT UNPACKING pc=0x00000299a1429d0e sp=0x000000ac094fc068 mode 1
Event: 18.780 Thread 0x0000029998c8b000 DEOPT PACKING pc=0x00000299a90c6674 sp=0x000000ac094fcb40
Event: 18.780 Thread 0x0000029998c8b000 DEOPT UNPACKING pc=0x00000299a1429d0e sp=0x000000ac094fbfd0 mode 1
Event: 18.782 Thread 0x0000029998c8b000 DEOPT PACKING pc=0x00000299a90c6674 sp=0x000000ac094fc680
Event: 18.782 Thread 0x0000029998c8b000 DEOPT UNPACKING pc=0x00000299a1429d0e sp=0x000000ac094fbaf8 mode 1
Event: 18.782 Thread 0x0000029998c8b000 DEOPT PACKING pc=0x00000299a1dc58dc sp=0x000000ac094fc6c0
Event: 18.782 Thread 0x0000029998c8b000 DEOPT UNPACKING pc=0x00000299a1429d0e sp=0x000000ac094fbc58 mode 1
Event: 18.782 Thread 0x0000029998c8b000 DEOPT PACKING pc=0x00000299a90c6674 sp=0x000000ac094fc730
Event: 18.782 Thread 0x0000029998c8b000 DEOPT UNPACKING pc=0x00000299a1429d0e sp=0x000000ac094fbbc0 mode 1

Classes redefined (0 events):
No events

Internal exceptions (20 events):
Event: 17.418 Thread 0x0000029998c8b000 Exception <a 'java/lang/ClassNotFoundException'{0x00000000891c8d90}: org/springframework/data/repository/core/support/RepositoryFactoryInformationCustomizer> (0x00000000891c8d90) thrown at [./src/hotspot/share/classfile/systemDictionary.cpp, line 230]
Event: 17.421 Thread 0x0000029998c8b000 Exception <a 'java/lang/ClassNotFoundException'{0x00000000891e1090}: org/springframework/beans/factory/FactoryBeanCustomizer> (0x00000000891e1090) thrown at [./src/hotspot/share/classfile/systemDictionary.cpp, line 230]
Event: 17.422 Thread 0x0000029998c8b000 Exception <a 'java/lang/ClassNotFoundException'{0x00000000891f7c20}: org/springframework/beans/factory/BeanClassLoaderAwareCustomizer> (0x00000000891f7c20) thrown at [./src/hotspot/share/classfile/systemDictionary.cpp, line 230]
Event: 17.422 Thread 0x0000029998c8b000 Exception <a 'java/lang/ClassNotFoundException'{0x0000000089009828}: org/springframework/beans/factory/AwareCustomizer> (0x0000000089009828) thrown at [./src/hotspot/share/classfile/systemDictionary.cpp, line 230]
Event: 17.423 Thread 0x0000029998c8b000 Exception <a 'java/lang/ClassNotFoundException'{0x000000008901bb10}: org/springframework/beans/factory/BeanFactoryAwareCustomizer> (0x000000008901bb10) thrown at [./src/hotspot/share/classfile/systemDictionary.cpp, line 230]
Event: 17.424 Thread 0x0000029998c8b000 Exception <a 'java/lang/ClassNotFoundException'{0x000000008902d758}: org/springframework/beans/factory/AwareCustomizer> (0x000000008902d758) thrown at [./src/hotspot/share/classfile/systemDictionary.cpp, line 230]
Event: 17.424 Thread 0x0000029998c8b000 Exception <a 'java/lang/ClassNotFoundException'{0x0000000089040ba0}: org/springframework/context/ApplicationEventPublisherAwareCustomizer> (0x0000000089040ba0) thrown at [./src/hotspot/share/classfile/systemDictionary.cpp, line 230]
Event: 17.425 Thread 0x0000029998c8b000 Exception <a 'java/lang/ClassNotFoundException'{0x0000000089052a40}: org/springframework/beans/factory/AwareCustomizer> (0x0000000089052a40) thrown at [./src/hotspot/share/classfile/systemDictionary.cpp, line 230]
Event: 17.440 Thread 0x0000029998c8b000 Exception <a 'java/lang/ClassNotFoundException'{0x0000000089087118}: java/lang/ObjectCustomizer> (0x0000000089087118) thrown at [./src/hotspot/share/classfile/systemDictionary.cpp, line 230]
Event: 17.442 Thread 0x0000029998c8b000 Exception <a 'java/lang/ClassNotFoundException'{0x000000008909e0b8}: org/springframework/core/io/support/PropertiesLoaderSupportCustomizer> (0x000000008909e0b8) thrown at [./src/hotspot/share/classfile/systemDictionary.cpp, line 230]
Event: 17.443 Thread 0x0000029998c8b000 Exception <a 'java/lang/ClassNotFoundException'{0x00000000890bac78}: org/springframework/beans/factory/config/PropertiesFactoryBeanCustomizer> (0x00000000890bac78) thrown at [./src/hotspot/share/classfile/systemDictionary.cpp, line 230]
Event: 17.446 Thread 0x0000029998c8b000 Exception <a 'java/lang/ClassNotFoundException'{0x00000000890dcf10}: org/springframework/beans/factory/FactoryBeanCustomizer> (0x00000000890dcf10) thrown at [./src/hotspot/share/classfile/systemDictionary.cpp, line 230]
Event: 17.446 Thread 0x0000029998c8b000 Exception <a 'java/lang/ClassNotFoundException'{0x00000000890f1f08}: org/springframework/beans/factory/InitializingBeanCustomizer> (0x00000000890f1f08) thrown at [./src/hotspot/share/classfile/systemDictionary.cpp, line 230]
Event: 17.792 Thread 0x0000029998c8b000 Exception <a 'java/lang/IncompatibleClassChangeError'{0x0000000088a80188}: Found class java.lang.Object, but interface was expected> (0x0000000088a80188) thrown at [./src/hotspot/share/interpreter/linkResolver.cpp, line 839]
Event: 18.327 Thread 0x0000029998c8b000 Exception <a 'java/lang/ClassNotFoundException'{0x0000000088466bc0}: java/lang/ObjectCustomizer> (0x0000000088466bc0) thrown at [./src/hotspot/share/classfile/systemDictionary.cpp, line 230]
Event: 18.328 Thread 0x0000029998c8b000 Exception <a 'java/lang/ClassNotFoundException'{0x000000008847b578}: com/springboot/groceryStore/Schemas/CategoryCustomizer> (0x000000008847b578) thrown at [./src/hotspot/share/classfile/systemDictionary.cpp, line 230]
Event: 18.466 Thread 0x0000029998c8b000 Exception <a 'java/lang/NoSuchMethodError'{0x00000000883b9de0}: 'int java.lang.invoke.DirectMethodHandle$Holder.invokeVirtual(java.lang.Object, java.lang.Object, java.lang.Object)'> (0x00000000883b9de0) thrown at [./src/hotspot/share/interpreter/linkResolver.cpp, line 773]
Event: 18.497 Thread 0x0000029998c8b000 Exception <a 'java/lang/ClassNotFoundException'{0x0000000088212600}: java/lang/ObjectCustomizer> (0x0000000088212600) thrown at [./src/hotspot/share/classfile/systemDictionary.cpp, line 230]
Event: 18.501 Thread 0x0000029998c8b000 Exception <a 'java/lang/ClassNotFoundException'{0x0000000088223548}: com/springboot/groceryStore/Schemas/ProductCustomizer> (0x0000000088223548) thrown at [./src/hotspot/share/classfile/systemDictionary.cpp, line 230]
Event: 18.769 Thread 0x0000029998c8b000 Exception <a 'java/lang/IncompatibleClassChangeError'{0x000000008805e268}: Found class java.lang.Object, but interface was expected> (0x000000008805e268) thrown at [./src/hotspot/share/interpreter/linkResolver.cpp, line 839]

Events (20 events):
Event: 18.896 loading class org/springframework/data/repository/core/support/QueryExecutorMethodInterceptor done
Event: 18.897 loading class org/springframework/data/util/Pair
Event: 18.897 loading class org/springframework/data/util/Pair done
Event: 18.899 loading class org/springframework/data/repository/core/support/RepositoryFactorySupport$ImplementationMethodExecutionInterceptor
Event: 18.899 loading class org/springframework/data/repository/core/support/RepositoryFactorySupport$ImplementationMethodExecutionInterceptor done
Event: 18.905 loading class org/springframework/data/domain/Sort$Order
Event: 18.905 loading class org/springframework/data/domain/Sort$Order done
Event: 18.906 loading class org/springframework/data/domain/Sort$Direction
Event: 18.906 loading class org/springframework/data/domain/Sort$Direction done
Event: 18.913 loading class org/springframework/transaction/annotation/Propagation
Event: 18.913 loading class org/springframework/transaction/annotation/Propagation done
Event: 18.914 loading class org/springframework/transaction/annotation/Isolation
Event: 18.914 loading class org/springframework/transaction/annotation/Isolation done
Event: 18.917 loading class org/springframework/beans/factory/annotation/AutowiredAnnotationBeanPostProcessor$ShortcutDependencyDescriptor
Event: 18.917 loading class org/springframework/beans/factory/annotation/AutowiredAnnotationBeanPostProcessor$ShortcutDependencyDescriptor done
Event: 18.921 Executing VM operation: ChangeBreakpoints
Event: 18.923 Executing VM operation: ChangeBreakpoints done
Event: 19.386 Executing VM operation: RevokeBias
Event: 19.386 Executing VM operation: RevokeBias done
Event: 19.386 Thread 0x00000299bd3cb800 Thread exited: 0x00000299bd3cb800


Dynamic libraries:
0x00007ff67b400000 - 0x00007ff67b40d000 	C:\Program Files\Microsoft\jdk-11.0.16.101-hotspot\bin\java.exe
0x00007ffde0c70000 - 0x00007ffde0e68000 	C:\Windows\SYSTEM32\ntdll.dll
0x00007ffdded30000 - 0x00007ffddeded000 	C:\Windows\System32\KERNEL32.DLL
0x00007ffdde750000 - 0x00007ffddea22000 	C:\Windows\System32\KERNELBASE.dll
0x00007ffddea30000 - 0x00007ffddeb30000 	C:\Windows\System32\ucrtbase.dll
0x00007ffdc5ee0000 - 0x00007ffdc5ef7000 	C:\Program Files\Microsoft\jdk-11.0.16.101-hotspot\bin\jli.dll
0x00007ffdcaa80000 - 0x00007ffdcaa95000 	C:\Program Files\Microsoft\jdk-11.0.16.101-hotspot\bin\VCRUNTIME140.dll
0x00007ffddf020000 - 0x00007ffddf1bd000 	C:\Windows\System32\USER32.dll
0x00007ffddec10000 - 0x00007ffddec32000 	C:\Windows\System32\win32u.dll
0x00007ffdbf850000 - 0x00007ffdbfaea000 	C:\Windows\WinSxS\amd64_microsoft.windows.common-controls_6595b64144ccf1df_6.0.19041.1110_none_60b5254171f9507e\COMCTL32.dll
0x00007ffde0950000 - 0x00007ffde09ee000 	C:\Windows\System32\msvcrt.dll
0x00007ffde07b0000 - 0x00007ffde07db000 	C:\Windows\System32\GDI32.dll
0x00007ffdde640000 - 0x00007ffdde74f000 	C:\Windows\System32\gdi32full.dll
0x00007ffdde380000 - 0x00007ffdde41d000 	C:\Windows\System32\msvcp_win.dll
0x00007ffde0ba0000 - 0x00007ffde0bd0000 	C:\Windows\System32\IMM32.DLL
0x00007ffdc3440000 - 0x00007ffdc34db000 	C:\Program Files\Microsoft\jdk-11.0.16.101-hotspot\bin\msvcp140.dll
0x00007ffda8870000 - 0x00007ffda93fa000 	C:\Program Files\Microsoft\jdk-11.0.16.101-hotspot\bin\server\jvm.dll
0x00007ffddf6b0000 - 0x00007ffddf75e000 	C:\Windows\System32\ADVAPI32.dll
0x00007ffddedf0000 - 0x00007ffddee8c000 	C:\Windows\System32\sechost.dll
0x00007ffddee90000 - 0x00007ffddefb5000 	C:\Windows\System32\RPCRT4.dll
0x00007ffde07e0000 - 0x00007ffde07e8000 	C:\Windows\System32\PSAPI.DLL
0x00007ffdd14c0000 - 0x00007ffdd14c9000 	C:\Windows\SYSTEM32\WSOCK32.dll
0x00007ffddf640000 - 0x00007ffddf6ab000 	C:\Windows\System32\WS2_32.dll
0x00007ffdd31b0000 - 0x00007ffdd31d7000 	C:\Windows\SYSTEM32\WINMM.dll
0x00007ffdd6120000 - 0x00007ffdd612a000 	C:\Windows\SYSTEM32\VERSION.dll
0x00007ffddc210000 - 0x00007ffddc222000 	C:\Windows\SYSTEM32\kernel.appcore.dll
0x00007ffdcaa20000 - 0x00007ffdcaa30000 	C:\Program Files\Microsoft\jdk-11.0.16.101-hotspot\bin\verify.dll
0x00007ffdd2370000 - 0x00007ffdd2554000 	C:\Windows\SYSTEM32\DBGHELP.DLL
0x00007ffdd2340000 - 0x00007ffdd236c000 	C:\Windows\SYSTEM32\dbgcore.DLL
0x00007ffddec40000 - 0x00007ffddecc2000 	C:\Windows\System32\bcryptPrimitives.dll
0x00007ffdc5c80000 - 0x00007ffdc5ca8000 	C:\Program Files\Microsoft\jdk-11.0.16.101-hotspot\bin\java.dll
0x00007ffdc5ed0000 - 0x00007ffdc5eda000 	C:\Program Files\Microsoft\jdk-11.0.16.101-hotspot\bin\jimage.dll
0x00007ffdc4f30000 - 0x00007ffdc4f68000 	C:\Program Files\Microsoft\jdk-11.0.16.101-hotspot\bin\jdwp.dll
0x00007ffdd9c70000 - 0x00007ffdd9c7e000 	C:\Program Files\Microsoft\jdk-11.0.16.101-hotspot\bin\instrument.dll
0x00007ffdc5b70000 - 0x00007ffdc5b88000 	C:\Program Files\Microsoft\jdk-11.0.16.101-hotspot\bin\zip.dll
0x00007ffde0060000 - 0x00007ffde07a3000 	C:\Windows\System32\SHELL32.dll
0x00007ffddc420000 - 0x00007ffddcbb1000 	C:\Windows\SYSTEM32\windows.storage.dll
0x00007ffddf1c0000 - 0x00007ffddf514000 	C:\Windows\System32\combase.dll
0x00007ffdddc90000 - 0x00007ffdddcc0000 	C:\Windows\SYSTEM32\Wldp.dll
0x00007ffddf820000 - 0x00007ffddf8cd000 	C:\Windows\System32\SHCORE.dll
0x00007ffddff40000 - 0x00007ffddff95000 	C:\Windows\System32\shlwapi.dll
0x00007ffdde2c0000 - 0x00007ffdde2df000 	C:\Windows\SYSTEM32\profapi.dll
0x00007ffdd9cb0000 - 0x00007ffdd9cba000 	C:\Program Files\Microsoft\jdk-11.0.16.101-hotspot\bin\dt_socket.dll
0x00007ffddda70000 - 0x00007ffdddada000 	C:\Windows\system32\mswsock.dll
0x00007ffdc5af0000 - 0x00007ffdc5b09000 	C:\Program Files\Microsoft\jdk-11.0.16.101-hotspot\bin\net.dll
0x00007ffdd6770000 - 0x00007ffdd687d000 	C:\Windows\SYSTEM32\WINHTTP.dll
0x00007ffdc5ad0000 - 0x00007ffdc5ae3000 	C:\Program Files\Microsoft\jdk-11.0.16.101-hotspot\bin\nio.dll
0x00007ffdd9c60000 - 0x00007ffdd9c69000 	C:\Program Files\Microsoft\jdk-11.0.16.101-hotspot\bin\management.dll
0x00007ffdcb5e0000 - 0x00007ffdcb5eb000 	C:\Program Files\Microsoft\jdk-11.0.16.101-hotspot\bin\management_ext.dll
0x00007ffdc7620000 - 0x00007ffdc7637000 	C:\Windows\system32\napinsp.dll
0x00007ffdc73c0000 - 0x00007ffdc73db000 	C:\Windows\system32\pnrpnsp.dll
0x00007ffdc73a0000 - 0x00007ffdc73b5000 	C:\Windows\system32\wshbth.dll
0x00007ffdd9b90000 - 0x00007ffdd9bad000 	C:\Windows\system32\NLAapi.dll
0x00007ffddd780000 - 0x00007ffddd7bb000 	C:\Windows\SYSTEM32\IPHLPAPI.DLL
0x00007ffddd7c0000 - 0x00007ffddd88a000 	C:\Windows\SYSTEM32\DNSAPI.dll
0x00007ffddffa0000 - 0x00007ffddffa8000 	C:\Windows\System32\NSI.dll
0x00007ffdc7380000 - 0x00007ffdc7392000 	C:\Windows\System32\winrnr.dll
0x00007ffdd5080000 - 0x00007ffdd508a000 	C:\Windows\System32\rasadhlp.dll
0x00007ffdd6560000 - 0x00007ffdd65e0000 	C:\Windows\System32\fwpuclnt.dll
0x00007ffddebe0000 - 0x00007ffddec07000 	C:\Windows\System32\bcrypt.dll
0x00007ffdddcd0000 - 0x00007ffdddce8000 	C:\Windows\SYSTEM32\CRYPTSP.dll
0x00007ffddd3b0000 - 0x00007ffddd3e4000 	C:\Windows\system32\rsaenh.dll
0x00007ffdde240000 - 0x00007ffdde26e000 	C:\Windows\SYSTEM32\USERENV.dll
0x00007ffdddc00000 - 0x00007ffdddc0c000 	C:\Windows\SYSTEM32\CRYPTBASE.dll
0x00007ffdd6eb0000 - 0x00007ffdd6ec7000 	C:\Windows\SYSTEM32\dhcpcsvc6.DLL
0x00007ffdd6e90000 - 0x00007ffdd6ead000 	C:\Windows\SYSTEM32\dhcpcsvc.DLL
0x00007ffdc5b60000 - 0x00007ffdc5b6e000 	C:\Program Files\Microsoft\jdk-11.0.16.101-hotspot\bin\sunmscapi.dll
0x00007ffdde420000 - 0x00007ffdde576000 	C:\Windows\System32\CRYPT32.dll
0x00007ffdddde0000 - 0x00007ffddde07000 	C:\Windows\SYSTEM32\ncrypt.dll
0x00007ffdddda0000 - 0x00007ffdddddb000 	C:\Windows\SYSTEM32\NTASN1.dll
0x00007ffdc5a40000 - 0x00007ffdc5a65000 	C:\Program Files\Microsoft\jdk-11.0.16.101-hotspot\bin\sunec.dll

dbghelp: loaded successfully - version: 4.0.5 - missing functions: none
symbol engine: initialized successfully - sym options: 0x614 - pdb path: .;C:\Program Files\Microsoft\jdk-11.0.16.101-hotspot\bin;C:\Windows\SYSTEM32;C:\Windows\WinSxS\amd64_microsoft.windows.common-controls_6595b64144ccf1df_6.0.19041.1110_none_60b5254171f9507e;C:\Program Files\Microsoft\jdk-11.0.16.101-hotspot\bin\server

VM Arguments:
jvm_args: -agentlib:jdwp=transport=dt_socket,address=127.0.0.1:62364,suspend=y,server=n -javaagent:C:\Users\Administrator\AppData\Local\JetBrains\IdeaIC2022.3\captureAgent\debugger-agent.jar -Dfile.encoding=UTF-8 
java_command: com.springboot.groceryStore.GroceryStoreApplication
java_class_path (initial): C:\Users\Administrator\Desktop\GroceryStore\groceryStore\target\classes;C:\Users\Administrator\.m2\repository\org\springframework\boot\spring-boot-starter-data-jpa\2.7.11\spring-boot-starter-data-jpa-2.7.11.jar;C:\Users\Administrator\.m2\repository\org\springframework\boot\spring-boot-starter-aop\2.7.11\spring-boot-starter-aop-2.7.11.jar;C:\Users\Administrator\.m2\repository\org\aspectj\aspectjweaver\1.9.7\aspectjweaver-1.9.7.jar;C:\Users\Administrator\.m2\repository\org\springframework\boot\spring-boot-starter-jdbc\2.7.11\spring-boot-starter-jdbc-2.7.11.jar;C:\Users\Administrator\.m2\repository\com\zaxxer\HikariCP\4.0.3\HikariCP-4.0.3.jar;C:\Users\Administrator\.m2\repository\org\springframework\spring-jdbc\5.3.27\spring-jdbc-5.3.27.jar;C:\Users\Administrator\.m2\repository\jakarta\transaction\jakarta.transaction-api\1.3.3\jakarta.transaction-api-1.3.3.jar;C:\Users\Administrator\.m2\repository\jakarta\persistence\jakarta.persistence-api\2.2.3\jakarta.persistence-api-2.2.3.jar;C:\Users\Administrator\.m2\repository\org\hibernate\hibernate-core\5.6.15.Final\hibernate-core-5.6.15.Final.jar;C:\Users\Administrator\.m2\repository\org\jboss\logging\jboss-logging\3.4.3.Final\jboss-logging-3.4.3.Final.jar;C:\Users\Administrator\.m2\repository\net\bytebuddy\byte-buddy\1.12.23\byte-buddy-1.12.23.jar;C:\Users\Administrator\.m2\repository\antlr\antlr\2.7.7\antlr-2.7.7.jar;C:\Users\Administrator\.m2\repository\org\jboss\jandex\2.4.2.Final\jandex-2.4.2.Final.jar;C:\Users\Administrator\.m2\repository\com\fasterxml\classmate\1.5.1\classmate-1.5.1.jar;C:\Users\Administrator\.m2\repository\org\hibernate\common\hibernate-commons-annotations\5.1.2.Final\hibernate-commons-annotations-5.1.2.Final.jar;C:\Users\Administrator\.m2\repository\org\glassfish\jaxb\jaxb-runtime\2.3.8\jaxb-runtime-2.3.8.jar;C:\Users\Administrator\.m2\repository\org\glassfish\jaxb\txw2\2.3.8\txw2-2.3.8.jar;C:\Users\Administrator\.m2\repository\com\sun\istack\istack-commons-runtime\3.0.12
Launcher Type: SUN_STANDARD

[Global flags]
     intx CICompilerCount                          = 3                                         {product} {ergonomic}
     uint ConcGCThreads                            = 1                                         {product} {ergonomic}
     uint G1ConcRefinementThreads                  = 4                                         {product} {ergonomic}
   size_t G1HeapRegionSize                         = 1048576                                   {product} {ergonomic}
    uintx GCDrainStackTargetSize                   = 64                                        {product} {ergonomic}
   size_t InitialHeapSize                          = 134217728                                 {product} {ergonomic}
   size_t MarkStackSize                            = 4194304                                   {product} {ergonomic}
   size_t MaxHeapSize                              = 2147483648                                {product} {ergonomic}
   size_t MaxNewSize                               = 1287651328                                {product} {ergonomic}
   size_t MinHeapDeltaBytes                        = 1048576                                   {product} {ergonomic}
    uintx NonNMethodCodeHeapSize                   = 5830732                                {pd product} {ergonomic}
    uintx NonProfiledCodeHeapSize                  = 122913754                              {pd product} {ergonomic}
    uintx ProfiledCodeHeapSize                     = 122913754                              {pd product} {ergonomic}
    uintx ReservedCodeCacheSize                    = 251658240                              {pd product} {ergonomic}
     bool SegmentedCodeCache                       = true                                      {product} {ergonomic}
     bool UseCompressedClassPointers               = true                                 {lp64_product} {ergonomic}
     bool UseCompressedOops                        = true                                 {lp64_product} {ergonomic}
     bool UseG1GC                                  = true                                      {product} {ergonomic}
     bool UseLargePagesIndividualAllocation        = false                                  {pd product} {ergonomic}

Logging:
Log output configuration:
 #0: stdout all=warning uptime,level,tags
 #1: stderr all=off uptime,level,tags

Environment Variables:
JAVA_HOME=C:\Program Files\Java\jdk1.8.0_202
PATH=C:\Program Files\Microsoft\jdk-11.0.16.101-hotspot\bin;C:\Program Files (x86)\Common Files\Oracle\Java\javapath;C:\Windows\system32;C:\Windows;C:\Windows\System32\Wbem;C:\Windows\System32\WindowsPowerShell\v1.0\;C:\Windows\System32\OpenSSH\;C:\Program Files\Java\jdk1.8.0_202\bin;C:\Program Files\nodejs\;C:\Program Files\nodejs\node_modules\npm\bin;C:\Program Files\Git\cmd;C:\apache-maven-3.9.0\bin;;C:\Program Files\Docker\Docker\resources\bin;C:\Program Files\Microsoft SQL Server\150\Tools\Binn\;C:\Program Files\Microsoft SQL Server\Client SDK\ODBC\170\Tools\Binn\;C:\Program Files\dotnet\;C:\Program Files\MySQL\MySQL Shell 8.0\bin\;C:\Users\Administrator\AppData\Local\Microsoft\WindowsApps;C:\Users\Administrator\AppData\Roaming\npm;C:\Users\Administrator\AppData\Local\Programs\Microsoft VS Code\bin;C:\Program Files\JetBrains\IntelliJ IDEA Community Edition 2022.3.3\bin;;C:\Users\Administrator\.dotnet\tools
USERNAME=Administrator
OS=Windows_NT
PROCESSOR_IDENTIFIER=Intel64 Family 6 Model 85 Stepping 7, GenuineIntel
TMP=C:\Users\ADMINI~1\AppData\Local\Temp
TEMP=C:\Users\ADMINI~1\AppData\Local\Temp



---------------  S Y S T E M  ---------------

OS: Windows 10 , 64 bit Build 19041 (10.0.19041.1889)
OS uptime: 3 days 0:02 hours
Hyper-V role detected

CPU:total 4 (initial active 4) (2 cores per cpu, 1 threads per core) family 6 model 85 stepping 7 microcode 0x5003302, cmov, cx8, fxsr, mmx, sse, sse2, sse3, ssse3, sse4.1, sse4.2, popcnt, avx, avx2, aes, clmul, erms, 3dnowpref, lzcnt, tsc, tscinvbit, bmi1, bmi2, adx, evex, fma

Memory: 4k page, system-wide physical 8190M (252M free)
TotalPageFile size 27312M (AvailPageFile size 6M)
current process WorkingSet (physical memory assigned to process): 335M, peak: 345M
current process commit charge ("private bytes"): 401M, peak: 406M

vm_info: OpenJDK 64-Bit Server VM (11.0.16.1+1-LTS) for windows-amd64 JRE (11.0.16.1+1-LTS), built on Aug 20 2022 20:09:04 by "" with MS VC++ 15.9 (VS2017)

END.
